<?xml version="1.0" encoding="UTF-8"?>
<!-- Generated by org.testng.reporters.JUnitXMLReporter -->
<testsuite ignored="0" hostname="Preetis-MacBook-Air.local" failures="0" tests="4" name="Test" time="17.746" errors="0" timestamp="2025-12-19T23:00:41 IST">
  <testcase classname="TestCases.LoginPage" name="VerifySuccessfullLogin" time="0.816"/>
  <testcase classname="TestCases.LoginPage" name="verifyInvalidCredentials1" time="0.269"/>
  <testcase classname="TestCases.LoginPage" name="verifyInvalidCredentials1" time="0.289"/>
  <testcase classname="TestCases.LoginPage" name="verifyInvalidCredentials1" time="0.284"/>
</testsuite> <!-- Test -->
