<?xml version="1.0" encoding="UTF-8"?>
<!-- Generated by org.testng.reporters.JUnitReportReporter -->
<testsuite hostname="Preetis-MacBook-Air.local" failures="0" tests="4" name="TestCases.LoginPage" time="17.726" errors="0" timestamp="2025-12-19T23:00:41 IST" skipped="0">
  <testcase classname="TestCases.LoginPage" name="verifyInvalidCredentials1" time="2.647"/>
  <testcase classname="TestCases.LoginPage" name="VerifySuccessfullLogin" time="8.993"/>
  <testcase classname="TestCases.LoginPage" name="verifyInvalidCredentials1" time="2.616"/>
  <testcase classname="TestCases.LoginPage" name="verifyInvalidCredentials1" time="3.470"/>
</testsuite> <!-- TestCases.LoginPage -->
